0:100  0:100  MemLog inited, TSC freq: 2592379340
0:100  0:000  CPU was calibrated with RTC
0:100  0:000  
0:100  0:000  Now is 21.1.2019,  11:1:32 (GMT)
0:100  0:000  Starting Clover revision: 4844 on American Megatrends EFI
0:100  0:000  Build with: [Args: -nb -mc --no-usb -D NO_GRUB_DRIVERS_EMBEDDED | -D DISABLE_USB_SUPPORT -D NO_GRUB_DRIVERS_EMBEDDED -D USE_BIOS_BLOCKIO -D USE_LOW_EBDA -a X64 -b RELEASE -t XCODE8 -n 5 | OS: 10.13.6 | XCODE: 10.1]
0:100  0:000  SelfDevicePath=PciRoot(0x0)\Pci(0x17,0x0)\Sata(0x2,0xFFFF,0x0)\HD(1,GPT,14901188-63F8-4C30-A805-59114DA606CF,0x28,0x64000) @7852C318
0:100  0:000  SelfDirPath = \EFI\BOOT
0:100  0:000  === [ Get Smbios ] ========================================
0:108  0:007  Type 16 Index = 0
0:108  0:000  Total Memory Slots Count = 2
0:108  0:000  Type 17 Index = 0
0:108  0:000  SmbiosTable.Type17->Speed = 2133MHz
0:108  0:000  SmbiosTable.Type17->Size = 8192MB
0:108  0:000  SmbiosTable.Type17->Bank/Device = BANK 0 ChannelA-DIMM0
0:108  0:000  SmbiosTable.Type17->Vendor = SK Hynix
0:108  0:000  SmbiosTable.Type17->SerialNumber = 2689408F
0:108  0:000  SmbiosTable.Type17->PartNumber = HMA41GS6AFR8N-TF    
0:108  0:000  Type 17 Index = 1
0:108  0:000  Ignoring insane frequency value 0MHz
0:108  0:000  SmbiosTable.Type17->Speed = 0MHz
0:108  0:000  SmbiosTable.Type17->Size = 0MB
0:108  0:000  SmbiosTable.Type17->Bank/Device = BANK 2 ChannelB-DIMM0
0:108  0:000  SmbiosTable.Type17->Vendor = <null string>
0:108  0:000  SmbiosTable.Type17->SerialNumber = <null string>
0:108  0:000  SmbiosTable.Type17->PartNumber = <null string>
0:108  0:000  Boot status=0
0:108  0:000  Running on: 'GP62 6QG' with board 'MS-16J5'
0:108  0:000  === [ GetCPUProperties ] ==================================
0:108  0:000  CPU Vendor = 756E6547 Model=506E3
0:108  0:000   The CPU supported SSE4.1
0:108  0:000  BrandString = Intel(R) Core(TM) i7-6700HQ CPU @ 2.60GHz
0:108  0:000   The CPU supported turbo
0:108  0:000  MSR 0x35               40004
0:108  0:000   TSC/CCC Information Leaf:
0:108  0:000    numerator     : 216
0:108  0:000    denominator   : 2
0:108  0:000   Calibrated ARTFrequency: 24003512
0:108  0:000  MSR 0xE2 before patch 00008000
0:108  0:000  MSR 0xE2 is locked, PM patches will be turned on
0:108  0:000  MSR 0xCE              0008083B_F1011A00
0:108  0:000  corrected FLEX_RATIO = 0
0:108  0:000  MSR 0x1B0             00000000
0:108  0:000  FSBFrequency = 120 MHz, DMI FSBFrequency = 100 MHz, Corrected FSBFrequency = 100 MHz
0:108  0:000  MaxDiv/MinDiv: 26.0/8
0:108  0:000  Turbo: 31/32/33/35
0:108  0:000  Features: 0xBFEBFBFF
0:108  0:000  Threads: 4
0:108  0:000  Cores: 4
0:108  0:000  FSB: 100 MHz
0:108  0:000  CPU: 3100 MHz
0:108  0:000  TSC: 3100 MHz
0:108  0:000  PIS: 100 MHz
0:108  0:000  ExternalClock: 25 MHz
0:108  0:000  === [ GetDevices ] ========================================
0:108  0:000  PCI (00|00:00.00) : 8086 1910 class=060000
0:108  0:000  PCI (00|00:01.00) : 8086 1901 class=060400
0:108  0:000  PCI (00|01:00.00) : 10DE 1427 class=030200
0:108  0:000  PCI (00|00:02.00) : 8086 191B class=030000
0:108  0:000   - GFX: Model=Intel HD Graphics 530 (Intel)
0:108  0:000  PCI (00|00:14.00) : 8086 A12F class=0C0330
0:108  0:000  PCI (00|00:14.02) : 8086 A131 class=118000
0:108  0:000  PCI (00|00:16.00) : 8086 A13A class=078000
0:108  0:000  PCI (00|00:17.00) : 8086 A103 class=010601
0:108  0:000  PCI (00|00:1C.00) : 8086 A110 class=060400
0:108  0:000  PCI (00|02:00.00) : 14E4 43B1 class=028000
0:108  0:000   - WIFI: Vendor=Broadcom
0:108  0:000  PCI (00|00:1C.03) : 8086 A113 class=060400
0:108  0:000  PCI (00|03:00.00) : 1969 E0A1 class=020000
0:108  0:000   - LAN: 0 Vendor=Atheros
0:108  0:000  PCI (00|00:1F.00) : 8086 A14E class=060100
0:108  0:000  PCI (00|00:1F.02) : 8086 A121 class=058000
0:108  0:000  PCI (00|00:1F.03) : 8086 A170 class=040300
0:108  0:000  PCI (00|00:1F.04) : 8086 A123 class=0C0500
0:108  0:000  === [ GetDefaultSettings ] ================================
0:108  0:000  Clover load options size = 0 bytes
0:112  0:003  EFI\CLOVER\config.plist loaded: Success
0:120  0:008  === [ GetListOfThemes ] ===================================
0:120  0:000  - [00]: Minimalism
0:122  0:001  - [01]: random
0:123  0:001  - [01]: embedded
0:124  0:001  === [ Found config plists ] ===============================
0:124  0:000  - config.plist
0:125  0:000  === [ GetEarlyUserSettings ] ==============================
0:125  0:000  timeout set to 3
0:125  0:000  Custom boot CUSTOM_BOOT_DISABLED (0x0)
0:125  0:000  KernelToPatch: 2 requested
0:125  0:000   - [00]: MSR 0xE2 _xcpm_idle instant reboot(c) Pike R. Alpha :: data len: 8
0:125  0:000   - [01]: Disable panic kext logging on 10.14 release kernel (credit vit9696) :: MatchOS: 10.14.x :: data len: 6
0:125  0:000  Default theme: Minimalism
0:125  0:000  Hiding entries with string Preboot
0:125  0:000  Hiding entries with string Recovery
0:125  0:000  === [ LoadDrivers ] =======================================
0:126  0:001  Loading HFSPlus-64.efi  status=Success
0:128  0:001   - driver needs connecting
0:128  0:000  Loading DataHubDxe-64.efi  status=Success
0:129  0:001  Loading ApfsDriverLoader-64.efi  status=Success
0:130  0:000   - driver needs connecting
0:130  0:000  Loading FSInject-64.efi  status=Success
0:131  0:000  Loading SMCHelper-64.efi  status=Success
0:131  0:000  Loading AptioMemoryFix-64.efi  status=Success
0:134  0:002  Loading AudioDxe-64.efi  status=Success
0:135  0:001   - driver needs connecting
0:135  0:000  3 drivers needs connecting ...
0:135  0:000  PlatformDriverOverrideProtocol not found. Installing ... Success
0:135  0:000  HFS+ driver loaded
0:135  0:000  APFS driver loaded
0:135  0:000  Searching for invalid DiskIo BY_DRIVER connects: not found, all ok
5:315  5:180  === [ InitScreen ] ========================================
5:315  0:000  SetMaxResolution: found best mode 0: 1920x1080
5:315  0:000   - already set
5:315  0:000  Console modes reported: 4, available modes:
5:315  0:000   - [01]: 80x25
5:315  0:000   - [02]: 80x50
5:315  0:000   - [03]: 100x31 (current mode)
5:315  0:000   - [04]: 240x56
5:315  0:000  SetScreenResolution: 1920x1080 - already set
5:316  0:000  reinit: self device path=PciRoot(0x0)\Pci(0x17,0x0)\Sata(0x2,0xFFFF,0x0)\HD(1,GPT,14901188-63F8-4C30-A805-59114DA606CF,0x28,0x64000)
5:316  0:000  Using embedded font: Success
5:317  0:000  === [ GetMacAddress ] =====================================
5:317  0:000  MAC address of LAN #0= D8:CB:8A:F3:6E:BC:
5:317  0:000  === [ ScanSPD ] ===========================================
5:317  0:000  Scanning SMBus [8086:A123], mmio: 0xDF12A004, ioport: 0xF040, hostc: 0x1
5:335  0:018  Slot: 0 Type 26 8192MB 2134MHz Vendor=SK Hynix PartNo=HMA41GS6AFR8N-TF SerialNo=020608090400080F
5:336  0:001  === [ GetAcpiTablesList ] =================================
5:349  0:013  Get Acpi Tables List from RSDT:
5:349  0:000   - [00]: FACP  MEGABOOK len=132
5:349  0:000   - [01]: APIC  MEGABOOK len=132
5:349  0:000   - [02]: FPDT  MEGABOOK len=68
5:349  0:000   - [03]: FIDT  MEGABOOK len=156
5:349  0:000   - [04]: MCFG  MEGABOOK len=60
5:349  0:000   - [05]: HPET  MEGABOOK len=56
5:349  0:000   - [06]: LPIT  SKL len=148
5:349  0:000   - [07]: SSDT  sensrhub len=584
5:349  0:000   - [08]: SSDT  PtidDevc len=11182
5:349  0:000   - [09]: SSDT  Ther_Rvp len=3043
5:349  0:000   - [10]: SSDT  zpodd len=1187
5:349  0:000   - [11]: DBGP   len=52
5:349  0:000   - [12]: DBG2   len=84
5:349  0:000   - [13]: SSDT  xh_rvp11 len=1586
5:349  0:000   - [14]: SLIC  MEGABOOK len=374
5:349  0:000   - [15]: SSDT  SaSsdt  len=21932
5:349  0:000   - [16]: UEFI   len=66
5:349  0:000   - [17]: SSDT  CpuSsdt len=3699
5:349  0:000   - [18]: SSDT  SgPeg len=159
5:349  0:000   - [19]: DMAR  SKL  len=168
5:349  0:000   - [20]: BGRT  MEGABOOK len=56
5:349  0:000   - [21]: SSDT  OptTabl len=5051
5:349  0:000   - [22]: ASF!   HCG len=165
5:349  0:000  Calibrated TSC Frequency = 2592379340 = 2592MHz
5:350  0:000  === [ GetUserSettings ] ===================================
5:350  0:000  Add 2 devices:
5:350  0:000  Add 8 properties:
5:350  0:000   - [00]: NVidia Key: name, len: 9
5:350  0:000   - [01]: NVidia Key: IOName, len: 9
5:350  0:000   - [02]: NVidia Key: class-code, len: 4
5:350  0:000   - [03]: ATI Key: name, len: 9
5:350  0:000   - [04]: ATI Key: IOName, len: 9
5:350  0:000   - [05]: ATI Key: class-code, len: 4
5:350  0:000   - [06]: ATI Key: vendor-id, len: 4
5:350  0:000   - [07]: ATI Key: device-id, len: 4
5:350  0:000  USB FixOwnership: yes
5:350  0:000  Dropping 3 tables:
5:350  0:000   - [00]: Drop table  signature="#MCF" (46434D23)
5:350  0:000           - set table: 46434D23,                0 to drop: no
5:350  0:000   - [01]: Drop table  signature="DMAR" (52414D44)
5:350  0:000           - set table: 52414D44,                0 to drop: yes
5:350  0:000   - [02]: Drop table  signature="SSDT" (54445353) table-id="xh_rvp10" (30317076725F6878)
5:350  0:000           - set table: 54445353, 30317076725F6878 to drop: no
5:350  0:000   - final DSDT Fix mask=00000000
5:350  0:000  PatchesDSDT: 10 requested
5:350  0:000   - [00]: (change OSID to XSID (to avoid match against _OSI XOSI patch)) lenToFind: 4, lenToReplace: 4, Target Bridge: <null string>
5:350  0:000    patch disabled at config
5:350  0:000   - [01]: (change _OSI to XOSI) lenToFind: 4, lenToReplace: 4, Target Bridge: <null string>
5:350  0:000    patch disabled at config
5:350  0:000   - [02]: (change _DSM to XDSM) lenToFind: 4, lenToReplace: 4, Target Bridge: <null string>
5:350  0:000    patch disabled at config
5:350  0:000   - [03]: (change EC0 to EC) lenToFind: 4, lenToReplace: 4, Target Bridge: <null string>
5:350  0:000    patch disabled at config
5:350  0:000   - [04]: (change H_EC to EC) lenToFind: 4, lenToReplace: 4, Target Bridge: <null string>
5:350  0:000    patch disabled at config
5:350  0:000   - [05]: (change ECDV to EC) lenToFind: 4, lenToReplace: 4, Target Bridge: <null string>
5:350  0:000    patch disabled at config
5:350  0:000   - [06]: (change HDAS to HDEF) lenToFind: 4, lenToReplace: 4, Target Bridge: <null string>
5:350  0:000   - [07]: (change HECI to IMEI) lenToFind: 4, lenToReplace: 4, Target Bridge: <null string>
5:350  0:000   - [08]: (change MEI to IMEI) lenToFind: 4, lenToReplace: 4, Target Bridge: <null string>
5:350  0:000   - [09]: (change GFX0 to IGPU) lenToFind: 4, lenToReplace: 4, Target Bridge: <null string>
5:350  0:000  Using ProductName from config: MacBookPro13,3
5:350  0:000  Found same BiosVersion in clover and config
5:350  0:000  BiosVersion: MBP133.88Z.F000.B00.1810301606
5:350  0:000  BiosReleaseDate: 10/30/2018
5:350  0:000  Using EfiVersion from config: 251.0.0.0.0
5:350  0:000  Using FirmwareFeatures from config: 0xFC0FE13F
5:350  0:000  Using FirmwareFeaturesMask from config: 0xFF1FFF3F
5:350  0:000  Board-ID set from config as Mac-A5C67F76ED83108C
5:350  0:000  BoardType: 0xA
5:350  0:000  ChassisType: 0x9
5:350  0:000  === [ Found DSDT tables ] =================================
5:370  0:020  === [ ScanVolumes ] =======================================
5:370  0:000  Found 16 volumes with blockIO
5:370  0:000  - [00]: Volume: PciRoot(0x0)\Pci(0x17,0x0)\Sata(0x0,0xFFFF,0x0)
5:371  0:000  - [01]: Volume: PciRoot(0x0)\Pci(0x17,0x0)\Sata(0x2,0xFFFF,0x0)
5:372  0:000  - [02]: Volume: PciRoot(0x0)\Pci(0x17,0x0)\Sata(0x3,0xFFFF,0x0)
5:372  0:000  - [03]: Volume: PciRoot(0x0)\Pci(0x17,0x0)\Sata(0x0,0xFFFF,0x0)\HD(1,GPT,991A2445-E49E-4024-96D2-7241DB9ABB5D,0x800,0xE1000)
5:373  0:000          Result of bootcode detection: bootable Windows (vista,win)
5:373  0:000  - [04]: Volume: PciRoot(0x0)\Pci(0x17,0x0)\Sata(0x0,0xFFFF,0x0)\HD(2,GPT,3393F5FA-CC44-4874-BFB7-53B143DCD2E3,0xE1800,0x32000)
5:373  0:000          Result of bootcode detection: bootable Windows (vista,win)
5:373  0:000  - [05]: Volume: PciRoot(0x0)\Pci(0x17,0x0)\Sata(0x0,0xFFFF,0x0)\HD(3,GPT,6E51D84E-4807-4B09-BAB7-61A641D84C99,0x113800,0x8000)
5:374  0:000  - [06]: Volume: PciRoot(0x0)\Pci(0x17,0x0)\Sata(0x0,0xFFFF,0x0)\HD(4,GPT,759BE73D-2410-45D2-9A75-B1A3C4BFD30A,0x11B800,0xEBB3EA8)
5:374  0:000          Result of bootcode detection: bootable Windows (vista,win)
5:374  0:000  - [07]: Volume: PciRoot(0x0)\Pci(0x17,0x0)\Sata(0x0,0xFFFF,0x0)\HD(5,GPT,4A333A78-7FEB-4C34-9E54-74F95B73D0C8,0xECCF800,0x1AC000)
5:375  0:000          Result of bootcode detection: bootable Windows (vista,win)
5:375  0:000  - [08]: Volume: PciRoot(0x0)\Pci(0x17,0x0)\Sata(0x2,0xFFFF,0x0)\HD(1,GPT,14901188-63F8-4C30-A805-59114DA606CF,0x28,0x64000)
5:376  0:000          Result of bootcode detection: bootable unknown (legacy)
5:376  0:000          This is SelfVolume !!
5:376  0:000  - [09]: Volume: PciRoot(0x0)\Pci(0x17,0x0)\Sata(0x2,0xFFFF,0x0)\HD(2,GPT,CAC65DD2-BF0E-48D5-975A-41B576FC804F,0x64028,0x1BEC0460)
5:376  0:000          Result of bootcode detection: bootable unknown (legacy)
5:376  0:000  - [10]: Volume: PciRoot(0x0)\Pci(0x17,0x0)\Sata(0x3,0xFFFF,0x0)\HD(1,GPT,2BB8382D-3FE3-4C9A-A837-7F4B69DFC749,0x800,0x35F05800)
5:662  0:286          Result of bootcode detection: bootable Windows (vista,win)
5:662  0:000  - [11]: Volume: PciRoot(0x0)\Pci(0x17,0x0)\Sata(0x3,0xFFFF,0x0)\HD(2,GPT,44C68297-FCF8-4F4B-B074-0D1FDA715C2C,0x35F06000,0x3E800000)
5:663  0:000          Result of bootcode detection: bootable unknown (legacy)
5:663  0:000  - [12]: Volume: PciRoot(0x0)\Pci(0x17,0x0)\Sata(0x2,0xFFFF,0x0)\HD(2,GPT,CAC65DD2-BF0E-48D5-975A-41B576FC804F,0x64028,0x1BEC0460)\VenMedia(BE74FCF7-0B7C-49F3-9147-01F4042E6842,611ACF7176E5F747B5877AC5E55F94AF)
5:663  0:000          hiding this volume
5:663  0:000  - [13]: Volume: PciRoot(0x0)\Pci(0x17,0x0)\Sata(0x2,0xFFFF,0x0)\HD(2,GPT,CAC65DD2-BF0E-48D5-975A-41B576FC804F,0x64028,0x1BEC0460)\VenMedia(BE74FCF7-0B7C-49F3-9147-01F4042E6842,F6BC497642819D40B2ABDF188BE2C254)
5:663  0:000  - [14]: Volume: PciRoot(0x0)\Pci(0x17,0x0)\Sata(0x2,0xFFFF,0x0)\HD(2,GPT,CAC65DD2-BF0E-48D5-975A-41B576FC804F,0x64028,0x1BEC0460)\VenMedia(BE74FCF7-0B7C-49F3-9147-01F4042E6842,67F3D097117499489463D7F7AE1EFA79)
5:663  0:000          hiding this volume
5:663  0:000  - [15]: Volume: PciRoot(0x0)\Pci(0x17,0x0)\Sata(0x2,0xFFFF,0x0)\HD(2,GPT,CAC65DD2-BF0E-48D5-975A-41B576FC804F,0x64028,0x1BEC0460)\VenMedia(BE74FCF7-0B7C-49F3-9147-01F4042E6842,EE516AD1921C0042957BC210D5A5ABC6)
5:663  0:000  === [ InitTheme ] =========================================
5:663  0:000  use daylight theme
5:664  0:000  Using theme 'Minimalism' (EFI\CLOVER\themes\Minimalism)
5:664  0:000  OS main and drive as badge
5:665  0:001  Loading font from ThemeDir: Success
5:665  0:000  theme inited
5:665  0:000  Chosen theme Minimalism
5:665  0:000  after NVRAM boot-args=dart=0 nv_disable=1 -cdfon -igfxnohdmi
5:665  0:000  === [ Dump SMC keys from NVRAM ] ==========================
5:665  0:000  found AppleSMC protocol
5:684  0:019  Registered 17 SMC keys
5:686  0:001  === [ AddCustomEntries ] ==================================
5:686  0:000  Custom entry 0 Title:"Recovery" Path:"\com.apple.recovery.boot\boot.efi" Type:10 Flags:0x6 matching all volumes
5:686  0:000      Checking volume "b" (PciRoot(0x0)\Pci(0x17,0x0)\Sata(0x0,0xFFFF,0x0)\HD(1,GPT,991A2445-E49E-4024-96D2-7241DB9ABB5D,0x800,0xE1000)) ... skipped because path does not exist
5:686  0:000      Checking volume "EFI" (PciRoot(0x0)\Pci(0x17,0x0)\Sata(0x0,0xFFFF,0x0)\HD(2,GPT,3393F5FA-CC44-4874-BFB7-53B143DCD2E3,0xE1800,0x32000)) ... skipped because path does not exist
5:686  0:000      Checking volume "Win" (PciRoot(0x0)\Pci(0x17,0x0)\Sata(0x0,0xFFFF,0x0)\HD(4,GPT,759BE73D-2410-45D2-9A75-B1A3C4BFD30A,0x11B800,0xEBB3EA8)) ... skipped because path does not exist
5:686  0:000      Checking volume "" (PciRoot(0x0)\Pci(0x17,0x0)\Sata(0x0,0xFFFF,0x0)\HD(5,GPT,4A333A78-7FEB-4C34-9E54-74F95B73D0C8,0xECCF800,0x1AC000)) ... skipped because path does not exist
5:686  0:000      Checking volume "EFI" (PciRoot(0x0)\Pci(0x17,0x0)\Sata(0x2,0xFFFF,0x0)\HD(1,GPT,14901188-63F8-4C30-A805-59114DA606CF,0x28,0x64000)) ... skipped because path does not exist
5:686  0:000      Checking volume "Program" (PciRoot(0x0)\Pci(0x17,0x0)\Sata(0x3,0xFFFF,0x0)\HD(1,GPT,2BB8382D-3FE3-4C9A-A837-7F4B69DFC749,0x800,0x35F05800)) ... skipped because path does not exist
5:686  0:000      Checking volume "Preboot" (PciRoot(0x0)\Pci(0x17,0x0)\Sata(0x2,0xFFFF,0x0)\HD(2,GPT,CAC65DD2-BF0E-48D5-975A-41B576FC804F,0x64028,0x1BEC0460)\VenMedia(BE74FCF7-0B7C-49F3-9147-01F4042E6842,611ACF7176E5F747B5877AC5E55F94AF)) ... skipped because volume is hidden
5:686  0:000      Checking volume "OSX" (PciRoot(0x0)\Pci(0x17,0x0)\Sata(0x2,0xFFFF,0x0)\HD(2,GPT,CAC65DD2-BF0E-48D5-975A-41B576FC804F,0x64028,0x1BEC0460)\VenMedia(BE74FCF7-0B7C-49F3-9147-01F4042E6842,F6BC497642819D40B2ABDF188BE2C254)) ... skipped because path does not exist
5:687  0:000      Checking volume "Recovery" (PciRoot(0x0)\Pci(0x17,0x0)\Sata(0x2,0xFFFF,0x0)\HD(2,GPT,CAC65DD2-BF0E-48D5-975A-41B576FC804F,0x64028,0x1BEC0460)\VenMedia(BE74FCF7-0B7C-49F3-9147-01F4042E6842,67F3D097117499489463D7F7AE1EFA79)) ... skipped because volume is hidden
5:687  0:000      Checking volume "VM" (PciRoot(0x0)\Pci(0x17,0x0)\Sata(0x2,0xFFFF,0x0)\HD(2,GPT,CAC65DD2-BF0E-48D5-975A-41B576FC804F,0x64028,0x1BEC0460)\VenMedia(BE74FCF7-0B7C-49F3-9147-01F4042E6842,EE516AD1921C0042957BC210D5A5ABC6)) ... skipped because path does not exist
5:687  0:000  Custom entry 1 Title:"Windows" Path:"\EFI\Microsoft\Boot\bootmgfw.efi" Options:"-s -h" Type:7 Flags:0x0 matching all volumes
5:687  0:000      Checking volume "b" (PciRoot(0x0)\Pci(0x17,0x0)\Sata(0x0,0xFFFF,0x0)\HD(1,GPT,991A2445-E49E-4024-96D2-7241DB9ABB5D,0x800,0xE1000)) ... skipped because path does not exist
5:687  0:000      Checking volume "EFI" (PciRoot(0x0)\Pci(0x17,0x0)\Sata(0x0,0xFFFF,0x0)\HD(2,GPT,3393F5FA-CC44-4874-BFB7-53B143DCD2E3,0xE1800,0x32000)) ... match!
5:691  0:004  Custom settings: <null string>.plist will  be applied
5:691  0:000      Checking volume "Win" (PciRoot(0x0)\Pci(0x17,0x0)\Sata(0x0,0xFFFF,0x0)\HD(4,GPT,759BE73D-2410-45D2-9A75-B1A3C4BFD30A,0x11B800,0xEBB3EA8)) ... skipped because path does not exist
5:691  0:000      Checking volume "" (PciRoot(0x0)\Pci(0x17,0x0)\Sata(0x0,0xFFFF,0x0)\HD(5,GPT,4A333A78-7FEB-4C34-9E54-74F95B73D0C8,0xECCF800,0x1AC000)) ... skipped because path does not exist
5:691  0:000      Checking volume "EFI" (PciRoot(0x0)\Pci(0x17,0x0)\Sata(0x2,0xFFFF,0x0)\HD(1,GPT,14901188-63F8-4C30-A805-59114DA606CF,0x28,0x64000)) ... skipped because path does not exist
5:691  0:000      Checking volume "Program" (PciRoot(0x0)\Pci(0x17,0x0)\Sata(0x3,0xFFFF,0x0)\HD(1,GPT,2BB8382D-3FE3-4C9A-A837-7F4B69DFC749,0x800,0x35F05800)) ... skipped because path does not exist
5:691  0:000      Checking volume "Preboot" (PciRoot(0x0)\Pci(0x17,0x0)\Sata(0x2,0xFFFF,0x0)\HD(2,GPT,CAC65DD2-BF0E-48D5-975A-41B576FC804F,0x64028,0x1BEC0460)\VenMedia(BE74FCF7-0B7C-49F3-9147-01F4042E6842,611ACF7176E5F747B5877AC5E55F94AF)) ... skipped because volume is hidden
5:691  0:000      Checking volume "OSX" (PciRoot(0x0)\Pci(0x17,0x0)\Sata(0x2,0xFFFF,0x0)\HD(2,GPT,CAC65DD2-BF0E-48D5-975A-41B576FC804F,0x64028,0x1BEC0460)\VenMedia(BE74FCF7-0B7C-49F3-9147-01F4042E6842,F6BC497642819D40B2ABDF188BE2C254)) ... skipped because path does not exist
5:692  0:000      Checking volume "Recovery" (PciRoot(0x0)\Pci(0x17,0x0)\Sata(0x2,0xFFFF,0x0)\HD(2,GPT,CAC65DD2-BF0E-48D5-975A-41B576FC804F,0x64028,0x1BEC0460)\VenMedia(BE74FCF7-0B7C-49F3-9147-01F4042E6842,67F3D097117499489463D7F7AE1EFA79)) ... skipped because volume is hidden
5:692  0:000      Checking volume "VM" (PciRoot(0x0)\Pci(0x17,0x0)\Sata(0x2,0xFFFF,0x0)\HD(2,GPT,CAC65DD2-BF0E-48D5-975A-41B576FC804F,0x64028,0x1BEC0460)\VenMedia(BE74FCF7-0B7C-49F3-9147-01F4042E6842,EE516AD1921C0042957BC210D5A5ABC6)) ... skipped because path does not exist
5:692  0:000  === [ ScanLoader ] ========================================
5:692  0:000  - [03]: 'b'
5:693  0:000  - [04]: 'EFI'
5:694  0:000          AddLoaderEntry for Volume Name=EFI
5:694  0:000       skipped because path `PciRoot(0x0)\Pci(0x17,0x0)\Sata(0x0,0xFFFF,0x0)\HD(2,GPT,3393F5FA-CC44-4874-BFB7-53B143DCD2E3,0xE1800,0x32000)\EFI\microsoft\Boot\bootmgfw.efii` already exists for another entry!
5:695  0:001          AddLoaderEntry for Volume Name=EFI
5:695  0:000          skipped because entry is hidden
5:695  0:000  - [06]: 'Win'
5:695  0:000  - [07]: ''
5:696  0:000  - [08]: 'EFI'
5:703  0:006          AddLoaderEntry for Volume Name=EFI
5:703  0:000          skipped because entry is hidden
5:703  0:000  - [10]: 'Program'
5:704  0:000  - [12]: 'Preboot', hidden
5:704  0:000  - [13]: 'OSX'
5:810  0:106          AddLoaderEntry for Volume Name=OSX
5:833  0:023      hibernated: set as never
5:834  0:000          [!] Icon 18 (icons\vol_internal_apfs.icns) not found (path: EFI\CLOVER\themes\Minimalism)
5:868  0:034  - [14]: 'Recovery', hidden
5:868  0:000  - [15]: 'VM'
5:869  0:000  === [ AddCustomTool ] =====================================
5:870  0:000  found tool \EFI\CLOVER\tools\Shell64U.efi
5:870  0:000  Checking EFI partition Volume 4 for Clover
5:870  0:000  Checking EFI partition Volume 8 for Clover
5:870  0:000   Found Clover
5:873  0:003  === [ GetEfiBootDeviceFromNvram ] =========================
5:873  0:000   - efi-boot-device-data: PciRoot(0x0)\Pci(0x17,0x0)\Sata(0x2,0xFFFF,0x0)\HD(2,GPT,CAC65DD2-BF0E-48D5-975A-41B576FC804F,0x64028,0x1BEC0460)\VenMedia(BE74FCF7-0B7C-49F3-9147-01F4042E6842,F6BC497642819D40B2ABDF188BE2C254)
5:873  0:000    - Volume: 'PciRoot(0x0)\Pci(0x17,0x0)\Sata(0x2,0xFFFF,0x0)\HD(2,GPT,CAC65DD2-BF0E-48D5-975A-41B576FC804F,0x64028,0x1BEC0460)\VenMedia(BE74FCF7-0B7C-49F3-9147-01F4042E6842,F6BC497642819D40B2ABDF188BE2C254)'
5:873  0:000    - LoaderPath: '<null string>'
5:873  0:000    - Guid = CAC65DD2-BF0E-48D5-975A-41B576FC804F
5:873  0:000  === [ FindStartupDiskVolume ] =============================
5:873  0:000    - Volume: partition = PciRoot(0x0)\Pci(0x17,0x0)\Sata(0x2,0xFFFF,0x0)\HD(2,GPT,CAC65DD2-BF0E-48D5-975A-41B576FC804F,0x64028,0x1BEC0460)\VenMedia(BE74FCF7-0B7C-49F3-9147-01F4042E6842,F6BC497642819D40B2ABDF188BE2C254)
5:873  0:000     - searching for that partition
5:873  0:000      - found entry 1. 'Boot macOS from OSX', Volume 'OSX'
5:873  0:000  Boot redirected to Entry 1. 'Boot macOS from OSX'
5:873  0:000  DefaultIndex=1 and MainMenu.EntryCount=8
5:873  0:000  not run anime
5:937  0:064  GUI ready
14:486  8:548  not run anime
23:910  9:424  not run anime
25:774  1:863  Found UEFI Acpi 2.0 RSDP at 7ABBF000
25:774  0:000  Saving ACPI tables from RSDP 7ABBF000 to EFI\CLOVER\ACPI\origin ...
25:774  0:000   7ABBF000: 'RSD PTR ', Rev: 2 (Acpi 2.0 or newer), Len: 36 -> RSDP.aml
25:790  0:016    (Xsdt: 7ABBF0B0, Rsdt: 7ABBF028)
25:790  0:000    7ABBF0B0: 'XSDT', 'MEGABOOK', Rev: 1, Len: 220 -> XSDT.aml
25:807  0:016    7ABBF028: 'RSDT', 'MEGABOOK', Rev: 1, Len: 128 -> RSDT.aml
25:824  0:017    Tables in Xsdt: 23
25:824  0:000    0. 7ABE48C0: 'FACP', 'MEGABOOK', Rev: 5, Len: 268 -> FACP.aml
25:846  0:021        (Dsdt: 7ABBF220, Facs: 7AE86F80, XDsdt: 7ABBF220, XFacs: 0)
25:846  0:000        7ABBF220: 'DSDT', 'MEGABOOK', Rev: 2, Len: 153247 -> DSDT.aml
25:904  0:058        7AE86F80: 'FACS', Ver: 2, Len: 64 -> FACS.aml
25:932  0:027    1. 7ABE49D0: 'APIC', 'MEGABOOK', Rev: 3, Len: 132 -> APIC.aml
25:950  0:018    2. 7ABE4A58: 'FPDT', 'MEGABOOK', Rev: 1, Len: 68 -> FPDT.aml
25:965  0:014    3. 7ABE4AA0: 'FIDT', 'MEGABOOK', Rev: 1, Len: 156 -> FIDT.aml
25:982  0:016    4. 7ABE4B40: 'MCFG', 'MEGABOOK', Rev: 1, Len: 60 -> MCFG.aml
25:997  0:015    5. 7ABE4B80: 'HPET', 'MEGABOOK', Rev: 1, Len: 56 -> HPET.aml
26:012  0:014    6. 7ABE4BB8: 'LPIT', 'SKL', Rev: 1, Len: 148 -> LPIT.aml
26:029  0:016    7. 7ABE4C50: 'SSDT', 'sensrhub', Rev: 2, Len: 584 -> SSDT-0-sensrhub.aml
26:047  0:018    8. 7ABE4E98: 'SSDT', 'PtidDevc', Rev: 2, Len: 11182 -> SSDT-1-PtidDevc.aml
26:066  0:019    9. 7ABE7A48: 'SSDT', 'Ther_Rvp', Rev: 2, Len: 3043 -> SSDT-2-Ther_Rvp.aml
26:082  0:016    10. 7ABE8630: 'SSDT', 'zpodd', Rev: 2, Len: 1187 -> SSDT-3-zpodd.aml
26:101  0:018    11. 7ABE8AD8: 'DBGP', '', Rev: 1, Len: 52 -> DBGP.aml
26:116  0:015    12. 7ABE8B10: 'DBG2', '', Rev: 0, Len: 84 -> DBG2.aml
26:133  0:016    13. 7ABE8B68: 'SSDT', 'xh_rvp11', Rev: 2, Len: 1586 -> SSDT-4-xh_rvp11.aml
26:150  0:017    14. 7ABE91A0: 'SLIC', 'MEGABOOK', Rev: 1, Len: 374 -> SLIC.aml
26:164  0:014    15. 7ABE9318: 'SSDT', 'SaSsdt', Rev: 2, Len: 21932 -> SSDT-5-SaSsdt.aml
26:180  0:015    16. 7ABEE8C8: 'UEFI', '', Rev: 1, Len: 66 -> UEFI.aml
26:195  0:015    17. 7ABEE910: 'SSDT', 'CpuSsdt', Rev: 2, Len: 3699 -> SSDT-6-CpuSsdt.aml (Found hidden SSDT 7 pcs)
26:213  0:018        * 79C8A698: 'SSDT', 'Cpu0Ist', Rev: 2, Len: 1514  53 53 44 54 EA 05 00 00 02 F7 50 6D 52 65 66 00 Internal length = 1514 -> SSDT-x6_0-Cpu0Ist.aml
26:232  0:018        * 79C89618: 'SSDT', 'ApIst', Rev: 2, Len: 1450  53 53 44 54 AA 05 00 00 02 CE 50 6D 52 65 66 00 Internal length = 1450 -> SSDT-x6_1-ApIst.aml
26:247  0:015        * 79C89C18: 'SSDT', 'Cpu0Cst', Rev: 2, Len: 975  53 53 44 54 CF 03 00 00 02 5B 50 6D 52 65 66 00 Internal length = 975 -> SSDT-x6_2-Cpu0Cst.aml
26:264  0:016        * 7A28FC18: 'SSDT', 'ApCst', Rev: 2, Len: 281  53 53 44 54 19 01 00 00 02 EA 50 6D 52 65 66 00 Internal length = 281 -> SSDT-x6_3-ApCst.aml
26:279  0:014        * 7880CB18: 'SSDT', 'Cpu0Hwp', Rev: 2, Len: 142  53 53 44 54 8E 00 00 00 02 2B 50 6D 52 65 66 00 Internal length = 142 -> SSDT-x6_4-Cpu0Hwp.aml
26:296  0:016        * 789EE498: 'SSDT', 'ApHwp', Rev: 2, Len: 281  53 53 44 54 19 01 00 00 02 FD 50 6D 52 65 66 00 Internal length = 281 -> SSDT-x6_5-ApHwp.aml
26:312  0:016        * 789EE318: 'SSDT', 'HwpLvt', Rev: 2, Len: 304  53 53 44 54 30 01 00 00 02 85 50 6D 52 65 66 00 Internal length = 304 -> SSDT-x6_6-HwpLvt.aml
26:328  0:015  
26:328  0:000    18. 7ABEF788: 'SSDT', 'SgPeg', Rev: 2, Len: 159 -> SSDT-7-SgPeg.aml
26:344  0:015    19. 7ABEF828: 'DMAR', 'SKL', Rev: 1, Len: 168 -> DMAR.aml
26:359  0:015    20. 7ABEF8D0: 'BGRT', 'MEGABOOK', Rev: 1, Len: 56 -> BGRT.aml
26:375  0:015    21. 7ABEF908: 'SSDT', 'OptTabl', Rev: 1, Len: 5051 -> SSDT-8-OptTabl.aml
26:391  0:015    22. 7ABF0CC8: 'ASF!', ' HCG', Rev: 32, Len: 165 -> ASF!.aml
26:406  0:015    Tables in Rsdt: 23
26:406  0:000    0. 7ABBF198: 'FACP', 'MEGABOOK', Rev: 2, Len: 132 -> RSDT-FACP.aml
26:422  0:015        (Dsdt: 7ABBF220, Facs: 7AE86F40)
26:422  0:000        7ABBF220: 'DSDT', 'MEGABOOK', Rev: 2, Len: 153247
26:424  0:002        7AE86F40: 'FACS', Ver: 0, Len: 64 -> RSDT-FACS.aml
26:439  0:014    1. 7ABE49D0: 'APIC', 'MEGABOOK', Rev: 3, Len: 132
26:439  0:000    2. 7ABE4A58: 'FPDT', 'MEGABOOK', Rev: 1, Len: 68
26:439  0:000    3. 7ABE4AA0: 'FIDT', 'MEGABOOK', Rev: 1, Len: 156
26:439  0:000    4. 7ABE4B40: 'MCFG', 'MEGABOOK', Rev: 1, Len: 60
26:439  0:000    5. 7ABE4B80: 'HPET', 'MEGABOOK', Rev: 1, Len: 56
26:439  0:000    6. 7ABE4BB8: 'LPIT', 'SKL', Rev: 1, Len: 148
26:439  0:000    7. 7ABE4C50: 'SSDT', 'sensrhub', Rev: 2, Len: 584
26:439  0:000    8. 7ABE4E98: 'SSDT', 'PtidDevc', Rev: 2, Len: 11182
26:439  0:000    9. 7ABE7A48: 'SSDT', 'Ther_Rvp', Rev: 2, Len: 3043
26:439  0:000    10. 7ABE8630: 'SSDT', 'zpodd', Rev: 2, Len: 1187
26:439  0:000    11. 7ABE8AD8: 'DBGP', '', Rev: 1, Len: 52
26:439  0:000    12. 7ABE8B10: 'DBG2', '', Rev: 0, Len: 84
26:439  0:000    13. 7ABE8B68: 'SSDT', 'xh_rvp11', Rev: 2, Len: 1586
26:439  0:000    14. 7ABE91A0: 'SLIC', 'MEGABOOK', Rev: 1, Len: 374
26:439  0:000    15. 7ABE9318: 'SSDT', 'SaSsdt', Rev: 2, Len: 21932
26:439  0:000    16. 7ABEE8C8: 'UEFI', '', Rev: 1, Len: 66
26:439  0:000    17. 7ABEE910: 'SSDT', 'CpuSsdt', Rev: 2, Len: 3699
26:439  0:000    18. 7ABEF788: 'SSDT', 'SgPeg', Rev: 2, Len: 159
26:439  0:000    19. 7ABEF828: 'DMAR', 'SKL', Rev: 1, Len: 168
26:439  0:000    20. 7ABEF8D0: 'BGRT', 'MEGABOOK', Rev: 1, Len: 56
26:439  0:000    21. 7ABEF908: 'SSDT', 'OptTabl', Rev: 1, Len: 5051
26:439  0:000    22. 7ABF0CC8: 'ASF!', ' HCG', Rev: 32, Len: 165
26:439  0:000  Found UEFI Acpi 1.0 RSDP at 7ABBF000
26:439  0:000  Printing ACPI tables from RSDP 7ABBF000 ...
26:439  0:000   7ABBF000: 'RSD PTR ', Rev: 2 (Acpi 2.0 or newer), Len: 36
26:439  0:000    (Xsdt: 7ABBF0B0, Rsdt: 7ABBF028)
26:439  0:000    7ABBF0B0: 'XSDT', 'MEGABOOK', Rev: 1, Len: 220
26:439  0:000    7ABBF028: 'RSDT', 'MEGABOOK', Rev: 1, Len: 128
26:439  0:000    Tables in Xsdt: 23
26:439  0:000    0. 7ABE48C0: 'FACP', 'MEGABOOK', Rev: 5, Len: 268
26:439  0:000        (Dsdt: 7ABBF220, Facs: 7AE86F80, XDsdt: 7ABBF220, XFacs: 0)
26:439  0:000        7ABBF220: 'DSDT', 'MEGABOOK', Rev: 2, Len: 153247
26:441  0:002        7AE86F80: 'FACS', Ver: 2, Len: 64
26:441  0:000    1. 7ABE49D0: 'APIC', 'MEGABOOK', Rev: 3, Len: 132
26:441  0:000    2. 7ABE4A58: 'FPDT', 'MEGABOOK', Rev: 1, Len: 68
26:441  0:000    3. 7ABE4AA0: 'FIDT', 'MEGABOOK', Rev: 1, Len: 156
26:441  0:000    4. 7ABE4B40: 'MCFG', 'MEGABOOK', Rev: 1, Len: 60
26:441  0:000    5. 7ABE4B80: 'HPET', 'MEGABOOK', Rev: 1, Len: 56
26:441  0:000    6. 7ABE4BB8: 'LPIT', 'SKL', Rev: 1, Len: 148
26:441  0:000    7. 7ABE4C50: 'SSDT', 'sensrhub', Rev: 2, Len: 584
26:441  0:000    8. 7ABE4E98: 'SSDT', 'PtidDevc', Rev: 2, Len: 11182
26:441  0:000    9. 7ABE7A48: 'SSDT', 'Ther_Rvp', Rev: 2, Len: 3043
26:441  0:000    10. 7ABE8630: 'SSDT', 'zpodd', Rev: 2, Len: 1187
26:441  0:000    11. 7ABE8AD8: 'DBGP', '', Rev: 1, Len: 52
26:441  0:000    12. 7ABE8B10: 'DBG2', '', Rev: 0, Len: 84
26:441  0:000    13. 7ABE8B68: 'SSDT', 'xh_rvp11', Rev: 2, Len: 1586
26:441  0:000    14. 7ABE91A0: 'SLIC', 'MEGABOOK', Rev: 1, Len: 374
26:441  0:000    15. 7ABE9318: 'SSDT', 'SaSsdt', Rev: 2, Len: 21932
26:441  0:000    16. 7ABEE8C8: 'UEFI', '', Rev: 1, Len: 66
26:441  0:000    17. 7ABEE910: 'SSDT', 'CpuSsdt', Rev: 2, Len: 3699
26:441  0:000    18. 7ABEF788: 'SSDT', 'SgPeg', Rev: 2, Len: 159
26:441  0:000    19. 7ABEF828: 'DMAR', 'SKL', Rev: 1, Len: 168
26:441  0:000    20. 7ABEF8D0: 'BGRT', 'MEGABOOK', Rev: 1, Len: 56
26:441  0:000    21. 7ABEF908: 'SSDT', 'OptTabl', Rev: 1, Len: 5051
26:441  0:000    22. 7ABF0CC8: 'ASF!', ' HCG', Rev: 32, Len: 165
26:441  0:000    Tables in Rsdt: 23
26:441  0:000    0. 7ABBF198: 'FACP', 'MEGABOOK', Rev: 2, Len: 132
26:441  0:000        (Dsdt: 7ABBF220, Facs: 7AE86F40)
26:441  0:000        7ABBF220: 'DSDT', 'MEGABOOK', Rev: 2, Len: 153247
26:444  0:002        7AE86F40: 'FACS', Ver: 0, Len: 64
26:444  0:000    1. 7ABE49D0: 'APIC', 'MEGABOOK', Rev: 3, Len: 132
26:444  0:000    2. 7ABE4A58: 'FPDT', 'MEGABOOK', Rev: 1, Len: 68
26:444  0:000    3. 7ABE4AA0: 'FIDT', 'MEGABOOK', Rev: 1, Len: 156
26:444  0:000    4. 7ABE4B40: 'MCFG', 'MEGABOOK', Rev: 1, Len: 60
26:444  0:000    5. 7ABE4B80: 'HPET', 'MEGABOOK', Rev: 1, Len: 56
26:444  0:000    6. 7ABE4BB8: 'LPIT', 'SKL', Rev: 1, Len: 148
26:444  0:000    7. 7ABE4C50: 'SSDT', 'sensrhub', Rev: 2, Len: 584
26:444  0:000    8. 7ABE4E98: 'SSDT', 'PtidDevc', Rev: 2, Len: 11182
26:444  0:000    9. 7ABE7A48: 'SSDT', 'Ther_Rvp', Rev: 2, Len: 3043
26:444  0:000    10. 7ABE8630: 'SSDT', 'zpodd', Rev: 2, Len: 1187
26:444  0:000    11. 7ABE8AD8: 'DBGP', '', Rev: 1, Len: 52
26:444  0:000    12. 7ABE8B10: 'DBG2', '', Rev: 0, Len: 84
26:444  0:000    13. 7ABE8B68: 'SSDT', 'xh_rvp11', Rev: 2, Len: 1586
26:444  0:000    14. 7ABE91A0: 'SLIC', 'MEGABOOK', Rev: 1, Len: 374
26:444  0:000    15. 7ABE9318: 'SSDT', 'SaSsdt', Rev: 2, Len: 21932
26:444  0:000    16. 7ABEE8C8: 'UEFI', '', Rev: 1, Len: 66
26:444  0:000    17. 7ABEE910: 'SSDT', 'CpuSsdt', Rev: 2, Len: 3699
26:444  0:000    18. 7ABEF788: 'SSDT', 'SgPeg', Rev: 2, Len: 159
26:444  0:000    19. 7ABEF828: 'DMAR', 'SKL', Rev: 1, Len: 168
26:444  0:000    20. 7ABEF8D0: 'BGRT', 'MEGABOOK', Rev: 1, Len: 56
26:444  0:000    21. 7ABEF908: 'SSDT', 'OptTabl', Rev: 1, Len: 5051
26:444  0:000    22. 7ABF0CC8: 'ASF!', ' HCG', Rev: 32, Len: 165
26:677  0:233  not run anime
65:480  38:803  not run anime
68:893  3:412  Found UEFI Acpi 2.0 RSDP at 7ABBF000
68:893  0:000  Saving ACPI tables from RSDP 7ABBF000 to EFI\CLOVER\ACPI\origin ...
68:893  0:000   7ABBF000: 'RSD PTR ', Rev: 2 (Acpi 2.0 or newer), Len: 36
68:893  0:000    (Xsdt: 7ABBF0B0, Rsdt: 7ABBF028)
68:893  0:000    7ABBF0B0: 'XSDT', 'MEGABOOK', Rev: 1, Len: 220
68:893  0:000    7ABBF028: 'RSDT', 'MEGABOOK', Rev: 1, Len: 128
68:893  0:000    Tables in Xsdt: 23
68:893  0:000    0. 7ABE48C0: 'FACP', 'MEGABOOK', Rev: 5, Len: 268
68:893  0:000        (Dsdt: 7ABBF220, Facs: 7AE86F80, XDsdt: 7ABBF220, XFacs: 0)
68:893  0:000        7ABBF220: 'DSDT', 'MEGABOOK', Rev: 2, Len: 153247
68:896  0:002        7AE86F80: 'FACS', Ver: 2, Len: 64
68:896  0:000    1. 7ABE49D0: 'APIC', 'MEGABOOK', Rev: 3, Len: 132
68:896  0:000    2. 7ABE4A58: 'FPDT', 'MEGABOOK', Rev: 1, Len: 68
68:896  0:000    3. 7ABE4AA0: 'FIDT', 'MEGABOOK', Rev: 1, Len: 156
68:896  0:000    4. 7ABE4B40: 'MCFG', 'MEGABOOK', Rev: 1, Len: 60
68:896  0:000    5. 7ABE4B80: 'HPET', 'MEGABOOK', Rev: 1, Len: 56
68:896  0:000    6. 7ABE4BB8: 'LPIT', 'SKL', Rev: 1, Len: 148
68:896  0:000    7. 7ABE4C50: 'SSDT', 'sensrhub', Rev: 2, Len: 584
68:896  0:000    8. 7ABE4E98: 'SSDT', 'PtidDevc', Rev: 2, Len: 11182
68:896  0:000    9. 7ABE7A48: 'SSDT', 'Ther_Rvp', Rev: 2, Len: 3043
68:896  0:000    10. 7ABE8630: 'SSDT', 'zpodd', Rev: 2, Len: 1187
68:896  0:000    11. 7ABE8AD8: 'DBGP', '', Rev: 1, Len: 52
68:896  0:000    12. 7ABE8B10: 'DBG2', '', Rev: 0, Len: 84
68:896  0:000    13. 7ABE8B68: 'SSDT', 'xh_rvp11', Rev: 2, Len: 1586
68:896  0:000    14. 7ABE91A0: 'SLIC', 'MEGABOOK', Rev: 1, Len: 374
68:896  0:000    15. 7ABE9318: 'SSDT', 'SaSsdt', Rev: 2, Len: 21932
68:896  0:000    16. 7ABEE8C8: 'UEFI', '', Rev: 1, Len: 66
68:896  0:000    17. 7ABEE910: 'SSDT', 'CpuSsdt', Rev: 2, Len: 3699
68:896  0:000    18. 7ABEF788: 'SSDT', 'SgPeg', Rev: 2, Len: 159
68:896  0:000    19. 7ABEF828: 'DMAR', 'SKL', Rev: 1, Len: 168
68:896  0:000    20. 7ABEF8D0: 'BGRT', 'MEGABOOK', Rev: 1, Len: 56
68:896  0:000    21. 7ABEF908: 'SSDT', 'OptTabl', Rev: 1, Len: 5051
68:896  0:000    22. 7ABF0CC8: 'ASF!', ' HCG', Rev: 32, Len: 165
68:896  0:000    Tables in Rsdt: 23
68:896  0:000    0. 7ABBF198: 'FACP', 'MEGABOOK', Rev: 2, Len: 132
68:896  0:000        (Dsdt: 7ABBF220, Facs: 7AE86F40)
68:896  0:000        7ABBF220: 'DSDT', 'MEGABOOK', Rev: 2, Len: 153247
68:898  0:002        7AE86F40: 'FACS', Ver: 0, Len: 64
68:898  0:000    1. 7ABE49D0: 'APIC', 'MEGABOOK', Rev: 3, Len: 132
68:898  0:000    2. 7ABE4A58: 'FPDT', 'MEGABOOK', Rev: 1, Len: 68
68:898  0:000    3. 7ABE4AA0: 'FIDT', 'MEGABOOK', Rev: 1, Len: 156
68:898  0:000    4. 7ABE4B40: 'MCFG', 'MEGABOOK', Rev: 1, Len: 60
68:898  0:000    5. 7ABE4B80: 'HPET', 'MEGABOOK', Rev: 1, Len: 56
68:898  0:000    6. 7ABE4BB8: 'LPIT', 'SKL', Rev: 1, Len: 148
68:898  0:000    7. 7ABE4C50: 'SSDT', 'sensrhub', Rev: 2, Len: 584
68:898  0:000    8. 7ABE4E98: 'SSDT', 'PtidDevc', Rev: 2, Len: 11182
68:898  0:000    9. 7ABE7A48: 'SSDT', 'Ther_Rvp', Rev: 2, Len: 3043
68:898  0:000    10. 7ABE8630: 'SSDT', 'zpodd', Rev: 2, Len: 1187
68:898  0:000    11. 7ABE8AD8: 'DBGP', '', Rev: 1, Len: 52
68:898  0:000    12. 7ABE8B10: 'DBG2', '', Rev: 0, Len: 84
68:898  0:000    13. 7ABE8B68: 'SSDT', 'xh_rvp11', Rev: 2, Len: 1586
68:898  0:000    14. 7ABE91A0: 'SLIC', 'MEGABOOK', Rev: 1, Len: 374
68:898  0:000    15. 7ABE9318: 'SSDT', 'SaSsdt', Rev: 2, Len: 21932
68:898  0:000    16. 7ABEE8C8: 'UEFI', '', Rev: 1, Len: 66
68:898  0:000    17. 7ABEE910: 'SSDT', 'CpuSsdt', Rev: 2, Len: 3699
68:898  0:000    18. 7ABEF788: 'SSDT', 'SgPeg', Rev: 2, Len: 159
68:898  0:000    19. 7ABEF828: 'DMAR', 'SKL', Rev: 1, Len: 168
68:898  0:000    20. 7ABEF8D0: 'BGRT', 'MEGABOOK', Rev: 1, Len: 56
68:898  0:000    21. 7ABEF908: 'SSDT', 'OptTabl', Rev: 1, Len: 5051
68:898  0:000    22. 7ABF0CC8: 'ASF!', ' HCG', Rev: 32, Len: 165
68:898  0:000  Found UEFI Acpi 1.0 RSDP at 7ABBF000
68:898  0:000  Printing ACPI tables from RSDP 7ABBF000 ...
68:898  0:000   7ABBF000: 'RSD PTR ', Rev: 2 (Acpi 2.0 or newer), Len: 36
68:898  0:000    (Xsdt: 7ABBF0B0, Rsdt: 7ABBF028)
68:898  0:000    7ABBF0B0: 'XSDT', 'MEGABOOK', Rev: 1, Len: 220
68:898  0:000    7ABBF028: 'RSDT', 'MEGABOOK', Rev: 1, Len: 128
68:898  0:000    Tables in Xsdt: 23
68:898  0:000    0. 7ABE48C0: 'FACP', 'MEGABOOK', Rev: 5, Len: 268
68:898  0:000        (Dsdt: 7ABBF220, Facs: 7AE86F80, XDsdt: 7ABBF220, XFacs: 0)
68:898  0:000        7ABBF220: 'DSDT', 'MEGABOOK', Rev: 2, Len: 153247
68:900  0:002        7AE86F80: 'FACS', Ver: 2, Len: 64
68:900  0:000    1. 7ABE49D0: 'APIC', 'MEGABOOK', Rev: 3, Len: 132
68:900  0:000    2. 7ABE4A58: 'FPDT', 'MEGABOOK', Rev: 1, Len: 68
68:900  0:000    3. 7ABE4AA0: 'FIDT', 'MEGABOOK', Rev: 1, Len: 156
68:900  0:000    4. 7ABE4B40: 'MCFG', 'MEGABOOK', Rev: 1, Len: 60
68:900  0:000    5. 7ABE4B80: 'HPET', 'MEGABOOK', Rev: 1, Len: 56
68:900  0:000    6. 7ABE4BB8: 'LPIT', 'SKL', Rev: 1, Len: 148
68:900  0:000    7. 7ABE4C50: 'SSDT', 'sensrhub', Rev: 2, Len: 584
68:900  0:000    8. 7ABE4E98: 'SSDT', 'PtidDevc', Rev: 2, Len: 11182
68:900  0:000    9. 7ABE7A48: 'SSDT', 'Ther_Rvp', Rev: 2, Len: 3043
68:900  0:000    10. 7ABE8630: 'SSDT', 'zpodd', Rev: 2, Len: 1187
68:900  0:000    11. 7ABE8AD8: 'DBGP', '', Rev: 1, Len: 52
68:900  0:000    12. 7ABE8B10: 'DBG2', '', Rev: 0, Len: 84
68:900  0:000    13. 7ABE8B68: 'SSDT', 'xh_rvp11', Rev: 2, Len: 1586
68:900  0:000    14. 7ABE91A0: 'SLIC', 'MEGABOOK', Rev: 1, Len: 374
68:900  0:000    15. 7ABE9318: 'SSDT', 'SaSsdt', Rev: 2, Len: 21932
68:900  0:000    16. 7ABEE8C8: 'UEFI', '', Rev: 1, Len: 66
68:900  0:000    17. 7ABEE910: 'SSDT', 'CpuSsdt', Rev: 2, Len: 3699
68:900  0:000    18. 7ABEF788: 'SSDT', 'SgPeg', Rev: 2, Len: 159
68:900  0:000    19. 7ABEF828: 'DMAR', 'SKL', Rev: 1, Len: 168
68:900  0:000    20. 7ABEF8D0: 'BGRT', 'MEGABOOK', Rev: 1, Len: 56
68:900  0:000    21. 7ABEF908: 'SSDT', 'OptTabl', Rev: 1, Len: 5051
68:900  0:000    22. 7ABF0CC8: 'ASF!', ' HCG', Rev: 32, Len: 165
68:900  0:000    Tables in Rsdt: 23
68:900  0:000    0. 7ABBF198: 'FACP', 'MEGABOOK', Rev: 2, Len: 132
68:900  0:000        (Dsdt: 7ABBF220, Facs: 7AE86F40)
68:900  0:000        7ABBF220: 'DSDT', 'MEGABOOK', Rev: 2, Len: 153247
68:902  0:002        7AE86F40: 'FACS', Ver: 0, Len: 64
68:902  0:000    1. 7ABE49D0: 'APIC', 'MEGABOOK', Rev: 3, Len: 132
68:902  0:000    2. 7ABE4A58: 'FPDT', 'MEGABOOK', Rev: 1, Len: 68
68:902  0:000    3. 7ABE4AA0: 'FIDT', 'MEGABOOK', Rev: 1, Len: 156
68:902  0:000    4. 7ABE4B40: 'MCFG', 'MEGABOOK', Rev: 1, Len: 60
68:902  0:000    5. 7ABE4B80: 'HPET', 'MEGABOOK', Rev: 1, Len: 56
68:902  0:000    6. 7ABE4BB8: 'LPIT', 'SKL', Rev: 1, Len: 148
68:902  0:000    7. 7ABE4C50: 'SSDT', 'sensrhub', Rev: 2, Len: 584
68:902  0:000    8. 7ABE4E98: 'SSDT', 'PtidDevc', Rev: 2, Len: 11182
68:902  0:000    9. 7ABE7A48: 'SSDT', 'Ther_Rvp', Rev: 2, Len: 3043
68:902  0:000    10. 7ABE8630: 'SSDT', 'zpodd', Rev: 2, Len: 1187
68:902  0:000    11. 7ABE8AD8: 'DBGP', '', Rev: 1, Len: 52
68:902  0:000    12. 7ABE8B10: 'DBG2', '', Rev: 0, Len: 84
68:902  0:000    13. 7ABE8B68: 'SSDT', 'xh_rvp11', Rev: 2, Len: 1586
68:902  0:000    14. 7ABE91A0: 'SLIC', 'MEGABOOK', Rev: 1, Len: 374
68:902  0:000    15. 7ABE9318: 'SSDT', 'SaSsdt', Rev: 2, Len: 21932
68:902  0:000    16. 7ABEE8C8: 'UEFI', '', Rev: 1, Len: 66
68:902  0:000    17. 7ABEE910: 'SSDT', 'CpuSsdt', Rev: 2, Len: 3699
68:902  0:000    18. 7ABEF788: 'SSDT', 'SgPeg', Rev: 2, Len: 159
68:902  0:000    19. 7ABEF828: 'DMAR', 'SKL', Rev: 1, Len: 168
68:902  0:000    20. 7ABEF8D0: 'BGRT', 'MEGABOOK', Rev: 1, Len: 56
68:902  0:000    21. 7ABEF908: 'SSDT', 'OptTabl', Rev: 1, Len: 5051
68:902  0:000    22. 7ABF0CC8: 'ASF!', ' HCG', Rev: 32, Len: 165
70:457  1:554  not run anime
72:203  1:745  not run anime
73:603  1:399  ParseBootOption: invalid input params
73:603  0:000  BootVariable of the entry is empty
73:603  0:000  === [ StartLoader ] =======================================
73:603  0:000  Finally: ExternalClock=25MHz BusSpeed=99707kHz CPUFreq=2592MHz PIS: hw.busfrequency=100000000Hz
73:603  0:000  Loading bootmgfw.efi  status=Success
73:665  0:062  Closing events for Windows
73:665  0:000  OtherOS: Found Acpi 2.0 RSDP 0x7ABBF000
73:665  0:000  RSDT at 7ABBF028
73:665  0:000  XSDT at 7ABBF0B0
73:665  0:000  FADT pointer = 7ABE48C0
73:665  0:000  Cleanup RSDT: count=23, length=128
73:665  0:000  corrected RSDT: count=23, length=128
73:665  0:000  Cleanup XSDT: count=23, length=220
73:665  0:000  corrected XSDT count=23, length=220
73:665  0:000  SetStartupDiskVolume:
73:665  0:000    * Volume: 'EFI'
73:665  0:000    * LoaderPath: '\EFI\Microsoft\Boot\bootmgfw.efi'
73:665  0:000    * DevPath: EFI
73:665  0:000    * GUID = 3393F5FA-CC44-4874-BFB7-53B143DCD2E3
73:667  0:002    * efi-boot-device: <array><dict><key>IOMatch</key><dict><key>IOProviderClass</key><string>IOMedia</string><key>IOPropertyMatch</key><dict><key>UUID</key><string>3393F5FA-CC44-4874-BFB7-53B143DCD2E3</string></dict></dict></dict></array>
73:670  0:002  Closing log
